# JRE version: OpenJDK Runtime Environment Temurin-17.0.17+10 (17.0.17+10) (build 17.0.17+10)
# Java VM: OpenJDK 64-Bit Server VM Temurin-17.0.17+10 (17.0.17+10, mixed mode, sharing, tiered, compressed oops, compressed class ptrs, g1 gc, windows-amd64)
GC Precious Log:
 CPUs: 12 total, 12 available
 Memory: 7583M
 Large Page Support: Disabled
 NUMA Support: Disabled
 Compressed Oops: Enabled (Zero based)
 Heap Region Size: 2M
 Heap Min Capacity: 8M
 Heap Initial Capacity: 120M
 Heap Max Capacity: 4G
 Pre-touch: Disabled
 Parallel Workers: 10
 Concurrent Workers: 3
 Concurrent Refinement Workers: 10
 Periodic GC: Disabled
Heap:
 garbage-first heap   total 192512K, used 98966K [0x0000000700000000, 0x0000000800000000)
  region size 2048K, 2 young (4096K), 2 survivors (4096K)
 Metaspace       used 84159K, committed 85184K, reserved 983040K
  class space    used 11871K, committed 12352K, reserved 851968K
GC Heap History (20 events):
Event: 41.561 GC heap after
{Heap after GC invocations=37 (full 0):
 garbage-first heap   total 167936K, used 82758K [0x0000000700000000, 0x0000000800000000)
  region size 2048K, 4 young (8192K), 4 survivors (8192K)
 Metaspace       used 79441K, committed 80320K, reserved 983040K
  class space    used 11346K, committed 11776K, reserved 851968K
}
Event: 42.987 GC heap before
{Heap before GC invocations=37 (full 0):
 garbage-first heap   total 167936K, used 129862K [0x0000000700000000, 0x0000000800000000)
  region size 2048K, 28 young (57344K), 4 survivors (8192K)
 Metaspace       used 81018K, committed 81920K, reserved 983040K
  class space    used 11537K, committed 11968K, reserved 851968K
}
Event: 42.993 GC heap after
{Heap after GC invocations=38 (full 0):
 garbage-first heap   total 167936K, used 87603K [0x0000000700000000, 0x0000000800000000)
  region size 2048K, 3 young (6144K), 3 survivors (6144K)
 Metaspace       used 81018K, committed 81920K, reserved 983040K
  class space    used 11537K, committed 11968K, reserved 851968K
}
Event: 44.079 GC heap before
{Heap before GC invocations=39 (full 0):
 garbage-first heap   total 167936K, used 130611K [0x0000000700000000, 0x0000000800000000)
  region size 2048K, 25 young (51200K), 3 survivors (6144K)
 Metaspace       used 82853K, committed 83840K, reserved 983040K
  class space    used 11767K, committed 12224K, reserved 851968K
}
Event: 44.084 GC heap after
{Heap after GC invocations=40 (full 0):
 garbage-first heap   total 167936K, used 90690K [0x0000000700000000, 0x0000000800000000)
  region size 2048K, 3 young (6144K), 3 survivors (6144K)
 Metaspace       used 82853K, committed 83840K, reserved 983040K
  class space    used 11767K, committed 12224K, reserved 851968K
}
Event: 44.086 GC heap before
{Heap before GC invocations=40 (full 0):
 garbage-first heap   total 167936K, used 92738K [0x0000000700000000, 0x0000000800000000)
  region size 2048K, 4 young (8192K), 3 survivors (6144K)
 Metaspace       used 82853K, committed 83840K, reserved 983040K
  class space    used 11767K, committed 12224K, reserved 851968K
}
Event: 44.088 GC heap after
{Heap after GC invocations=41 (full 0):
 garbage-first heap   total 167936K, used 89529K [0x0000000700000000, 0x0000000800000000)
  region size 2048K, 1 young (2048K), 1 survivors (2048K)
 Metaspace       used 82853K, committed 83840K, reserved 983040K
  class space    used 11767K, committed 12224K, reserved 851968K
}
Event: 44.487 GC heap before
{Heap before GC invocations=41 (full 0):
 garbage-first heap   total 167936K, used 132537K [0x0000000700000000, 0x0000000800000000)
  region size 2048K, 22 young (45056K), 1 survivors (2048K)
 Metaspace       used 83302K, committed 84288K, reserved 983040K
  class space    used 11819K, committed 12288K, reserved 851968K
}
Event: 44.490 GC heap after
{Heap after GC invocations=42 (full 0):
 garbage-first heap   total 167936K, used 93412K [0x0000000700000000, 0x0000000800000000)
  region size 2048K, 3 young (6144K), 3 survivors (6144K)
 Metaspace       used 83302K, committed 84288K, reserved 983040K
  class space    used 11819K, committed 12288K, reserved 851968K
}
Event: 45.143 GC heap before
{Heap before GC invocations=43 (full 0):
 garbage-first heap   total 167936K, used 132324K [0x0000000700000000, 0x0000000800000000)
  region size 2048K, 22 young (45056K), 3 survivors (6144K)
 Metaspace       used 83934K, committed 84864K, reserved 983040K
  class space    used 11868K, committed 12288K, reserved 851968K
}
Event: 45.148 GC heap after
{Heap after GC invocations=44 (full 0):
 garbage-first heap   total 167936K, used 98060K [0x0000000700000000, 0x0000000800000000)
  region size 2048K, 3 young (6144K), 3 survivors (6144K)
 Metaspace       used 83934K, committed 84864K, reserved 983040K
  class space    used 11868K, committed 12288K, reserved 851968K
}
Event: 45.178 GC heap before
{Heap before GC invocations=44 (full 0):
 garbage-first heap   total 167936K, used 100108K [0x0000000700000000, 0x0000000800000000)
  region size 2048K, 4 young (8192K), 3 survivors (6144K)
 Metaspace       used 83956K, committed 84928K, reserved 983040K
  class space    used 11868K, committed 12288K, reserved 851968K
}
Event: 45.182 GC heap after
{Heap after GC invocations=45 (full 0):
 garbage-first heap   total 167936K, used 96308K [0x0000000700000000, 0x0000000800000000)
  region size 2048K, 1 young (2048K), 1 survivors (2048K)
 Metaspace       used 83956K, committed 84928K, reserved 983040K
  class space    used 11868K, committed 12288K, reserved 851968K
}
Event: 46.472 GC heap before
{Heap before GC invocations=45 (full 0):
 garbage-first heap   total 167936K, used 131124K [0x0000000700000000, 0x0000000800000000)
  region size 2048K, 19 young (38912K), 1 survivors (2048K)
 Metaspace       used 84118K, committed 85120K, reserved 983040K
  class space    used 11870K, committed 12352K, reserved 851968K
}
Event: 46.475 GC heap after
{Heap after GC invocations=46 (full 0):
 garbage-first heap   total 167936K, used 98798K [0x0000000700000000, 0x0000000800000000)
  region size 2048K, 2 young (4096K), 2 survivors (4096K)
 Metaspace       used 84118K, committed 85120K, reserved 983040K
  class space    used 11870K, committed 12352K, reserved 851968K
}
Event: 46.692 GC heap before
{Heap before GC invocations=47 (full 0):
 garbage-first heap   total 192512K, used 133614K [0x0000000700000000, 0x0000000800000000)
  region size 2048K, 19 young (38912K), 2 survivors (4096K)
 Metaspace       used 84152K, committed 85184K, reserved 983040K
  class space    used 11870K, committed 12352K, reserved 851968K
}
Event: 46.695 GC heap after
{Heap after GC invocations=48 (full 0):
 garbage-first heap   total 192512K, used 99757K [0x0000000700000000, 0x0000000800000000)
  region size 2048K, 2 young (4096K), 2 survivors (4096K)
 Metaspace       used 84152K, committed 85184K, reserved 983040K
  class space    used 11870K, committed 12352K, reserved 851968K
}
Event: 46.716 GC heap before
{Heap before GC invocations=48 (full 0):
 garbage-first heap   total 192512K, used 103853K [0x0000000700000000, 0x0000000800000000)
  region size 2048K, 4 young (8192K), 2 survivors (4096K)
 Metaspace       used 84152K, committed 85184K, reserved 983040K
  class space    used 11870K, committed 12352K, reserved 851968K
}
Event: 46.719 GC heap after
{Heap after GC invocations=49 (full 0):
 garbage-first heap   total 192512K, used 97168K [0x0000000700000000, 0x0000000800000000)
  region size 2048K, 1 young (2048K), 1 survivors (2048K)
 Metaspace       used 84152K, committed 85184K, reserved 983040K
  class space    used 11870K, committed 12352K, reserved 851968K
}
Event: 47.069 GC heap before
{Heap before GC invocations=49 (full 0):
 garbage-first heap   total 192512K, used 154512K [0x0000000700000000, 0x0000000800000000)
  region size 2048K, 29 young (59392K), 1 survivors (2048K)
 Metaspace       used 84159K, committed 85184K, reserved 983040K
  class space    used 11871K, committed 12352K, reserved 851968K
}

