# JRE version: OpenJDK Runtime Environment Temurin-17.0.17+10 (17.0.17+10) (build 17.0.17+10)
# Java VM: OpenJDK 64-Bit Server VM Temurin-17.0.17+10 (17.0.17+10, mixed mode, sharing, tiered, compressed oops, compressed class ptrs, g1 gc, windows-amd64)
GC Precious Log:
 CPUs: 12 total, 12 available
 Memory: 7583M
 Large Page Support: Disabled
 NUMA Support: Disabled
 Compressed Oops: Enabled (32-bit)
 Heap Region Size: 1M
 Heap Min Capacity: 8M
 Heap Initial Capacity: 120M
 Heap Max Capacity: 2G
 Pre-touch: Disabled
 Parallel Workers: 10
 Concurrent Workers: 3
 Concurrent Refinement Workers: 10
 Periodic GC: Disabled
Heap:
 garbage-first heap   total 257024K, used 179771K [0x0000000080000000, 0x0000000100000000)
  region size 1024K, 66 young (67584K), 10 survivors (10240K)
 Metaspace       used 100591K, committed 101760K, reserved 557056K
  class space    used 13842K, committed 14400K, reserved 425984K
GC Heap History (20 events):
Event: 41.825 GC heap before
{Heap before GC invocations=55 (full 0):
 garbage-first heap   total 168960K, used 116941K [0x0000000080000000, 0x0000000100000000)
  region size 1024K, 28 young (28672K), 4 survivors (4096K)
 Metaspace       used 82722K, committed 83712K, reserved 557056K
  class space    used 11634K, committed 12096K, reserved 425984K
}
Event: 41.829 GC heap after
{Heap after GC invocations=56 (full 0):
 garbage-first heap   total 168960K, used 97185K [0x0000000080000000, 0x0000000100000000)
  region size 1024K, 4 young (4096K), 4 survivors (4096K)
 Metaspace       used 82722K, committed 83712K, reserved 557056K
  class space    used 11634K, committed 12096K, reserved 425984K
}
Event: 41.848 GC heap before
{Heap before GC invocations=56 (full 0):
 garbage-first heap   total 168960K, used 101281K [0x0000000080000000, 0x0000000100000000)
  region size 1024K, 8 young (8192K), 4 survivors (4096K)
 Metaspace       used 82726K, committed 83712K, reserved 557056K
  class space    used 11634K, committed 12096K, reserved 425984K
}
Event: 41.851 GC heap after
{Heap after GC invocations=57 (full 0):
 garbage-first heap   total 168960K, used 95039K [0x0000000080000000, 0x0000000100000000)
  region size 1024K, 1 young (1024K), 1 survivors (1024K)
 Metaspace       used 82726K, committed 83712K, reserved 557056K
  class space    used 11634K, committed 12096K, reserved 425984K
}
Event: 42.141 GC heap before
{Heap before GC invocations=57 (full 0):
 garbage-first heap   total 168960K, used 131903K [0x0000000080000000, 0x0000000100000000)
  region size 1024K, 38 young (38912K), 1 survivors (1024K)
 Metaspace       used 82754K, committed 83776K, reserved 557056K
  class space    used 11634K, committed 12096K, reserved 425984K
}
Event: 42.144 GC heap after
{Heap after GC invocations=58 (full 0):
 garbage-first heap   total 168960K, used 97246K [0x0000000080000000, 0x0000000100000000)
  region size 1024K, 4 young (4096K), 4 survivors (4096K)
 Metaspace       used 82754K, committed 83776K, reserved 557056K
  class space    used 11634K, committed 12096K, reserved 425984K
}
Event: 42.494 GC heap before
{Heap before GC invocations=58 (full 0):
 garbage-first heap   total 168960K, used 133086K [0x0000000080000000, 0x0000000100000000)
  region size 1024K, 40 young (40960K), 4 survivors (4096K)
 Metaspace       used 82759K, committed 83776K, reserved 557056K
  class space    used 11634K, committed 12096K, reserved 425984K
}
Event: 42.496 GC heap after
{Heap after GC invocations=59 (full 0):
 garbage-first heap   total 168960K, used 98112K [0x0000000080000000, 0x0000000100000000)
  region size 1024K, 3 young (3072K), 3 survivors (3072K)
 Metaspace       used 82759K, committed 83776K, reserved 557056K
  class space    used 11634K, committed 12096K, reserved 425984K
}
Event: 42.848 GC heap before
{Heap before GC invocations=59 (full 0):
 garbage-first heap   total 168960K, used 134976K [0x0000000080000000, 0x0000000100000000)
  region size 1024K, 40 young (40960K), 3 survivors (3072K)
 Metaspace       used 82760K, committed 83776K, reserved 557056K
  class space    used 11634K, committed 12096K, reserved 425984K
}
Event: 42.850 GC heap after
{Heap after GC invocations=60 (full 0):
 garbage-first heap   total 168960K, used 98882K [0x0000000080000000, 0x0000000100000000)
  region size 1024K, 3 young (3072K), 3 survivors (3072K)
 Metaspace       used 82760K, committed 83776K, reserved 557056K
  class space    used 11634K, committed 12096K, reserved 425984K
}
Event: 43.278 GC heap before
{Heap before GC invocations=61 (full 0):
 garbage-first heap   total 176128K, used 136770K [0x0000000080000000, 0x0000000100000000)
  region size 1024K, 41 young (41984K), 3 survivors (3072K)
 Metaspace       used 82762K, committed 83776K, reserved 557056K
  class space    used 11634K, committed 12096K, reserved 425984K
}
Event: 43.281 GC heap after
{Heap after GC invocations=62 (full 0):
 garbage-first heap   total 176128K, used 99740K [0x0000000080000000, 0x0000000100000000)
  region size 1024K, 4 young (4096K), 4 survivors (4096K)
 Metaspace       used 82762K, committed 83776K, reserved 557056K
  class space    used 11634K, committed 12096K, reserved 425984K
}
Event: 43.405 GC heap before
{Heap before GC invocations=62 (full 0):
 garbage-first heap   total 176128K, used 102812K [0x0000000080000000, 0x0000000100000000)
  region size 1024K, 8 young (8192K), 4 survivors (4096K)
 Metaspace       used 82762K, committed 83776K, reserved 557056K
  class space    used 11634K, committed 12096K, reserved 425984K
}
Event: 43.410 GC heap after
{Heap after GC invocations=63 (full 0):
 garbage-first heap   total 176128K, used 95809K [0x0000000080000000, 0x0000000100000000)
  region size 1024K, 1 young (1024K), 1 survivors (1024K)
 Metaspace       used 82762K, committed 83776K, reserved 557056K
  class space    used 11634K, committed 12096K, reserved 425984K
}
Event: 44.046 GC heap before
{Heap before GC invocations=63 (full 0):
 garbage-first heap   total 176128K, used 149057K [0x0000000080000000, 0x0000000100000000)
  region size 1024K, 47 young (48128K), 1 survivors (1024K)
 Metaspace       used 85073K, committed 86144K, reserved 557056K
  class space    used 11893K, committed 12416K, reserved 425984K
}
Event: 44.050 GC heap after
{Heap after GC invocations=64 (full 0):
 garbage-first heap   total 257024K, used 109684K [0x0000000080000000, 0x0000000100000000)
  region size 1024K, 6 young (6144K), 6 survivors (6144K)
 Metaspace       used 85073K, committed 86144K, reserved 557056K
  class space    used 11893K, committed 12416K, reserved 425984K
}
Event: 44.950 GC heap before
{Heap before GC invocations=64 (full 0):
 garbage-first heap   total 257024K, used 207988K [0x0000000080000000, 0x0000000100000000)
  region size 1024K, 97 young (99328K), 6 survivors (6144K)
 Metaspace       used 92021K, committed 93120K, reserved 557056K
  class space    used 12662K, committed 13184K, reserved 425984K
}
Event: 44.954 GC heap after
{Heap after GC invocations=65 (full 0):
 garbage-first heap   total 257024K, used 116406K [0x0000000080000000, 0x0000000100000000)
  region size 1024K, 12 young (12288K), 12 survivors (12288K)
 Metaspace       used 92021K, committed 93120K, reserved 557056K
  class space    used 12662K, committed 13184K, reserved 425984K
}
Event: 45.684 GC heap before
{Heap before GC invocations=65 (full 0):
 garbage-first heap   total 257024K, used 208566K [0x0000000080000000, 0x0000000100000000)
  region size 1024K, 99 young (101376K), 12 survivors (12288K)
 Metaspace       used 97381K, committed 98432K, reserved 557056K
  class space    used 13374K, committed 13888K, reserved 425984K
}
Event: 45.688 GC heap after
{Heap after GC invocations=66 (full 0):
 garbage-first heap   total 257024K, used 123451K [0x0000000080000000, 0x0000000100000000)
  region size 1024K, 10 young (10240K), 10 survivors (10240K)
 Metaspace       used 97381K, committed 98432K, reserved 557056K
  class space    used 13374K, committed 13888K, reserved 425984K
}

